<?xml version="1.0" encoding="UTF-8"?>
<!-- Generated by org.testng.reporters.JUnitXMLReporter -->
<testsuite ignored="6" hostname="DESKTOP-G13II8U" failures="0" tests="10" name="Test" time="206.044" errors="0" timestamp="2025-07-16T22:10:32 IST">
  <testcase classname="practice.TestNG_Org" name="createOrgTest" time="13.272"/>
  <testcase classname="practice.TestNG_Org" name="createOrgwithIndustry" time="8.433"/>
  <testcase classname="practice.TestNG_Org" name="createOrgwithPhoneNumber" time="8.319"/>
  <testcase classname="practice.TestNG_Contacts" name="createContactTest" time="7.725"/>
  <testcase classname="practice.TestNG_Contacts" name="createContactwithOrg" time="21.123"/>
  <testcase classname="practice.TestNG_Contacts" name="createContactwithSupportDate" time="9.436"/>
  <testcase classname="practice.TestNG_Leads" name="createLeadsTest" time="8.41"/>
  <testcase classname="practice.TestNG_Leads" name="createLeadswithPhoneNumber" time="7.428"/>
  <testcase classname="practice.TestNG_Product" name="createProductTest" time="9.212"/>
  <testcase classname="practice.TestNG_Product" name="createProductwithCategory" time="6.997"/>
  <testcase classname="GenericUtility.BaseClass" name="@AfterSuite configAS" time="0.0">
    <ignored/>
  </testcase> <!-- @AfterSuite configAS -->
  <testcase classname="GenericUtility.BaseClass" name="@AfterSuite configAS" time="0.0">
    <ignored/>
  </testcase> <!-- @AfterSuite configAS -->
  <testcase classname="GenericUtility.BaseClass" name="@AfterSuite configAS" time="0.0">
    <ignored/>
  </testcase> <!-- @AfterSuite configAS -->
  <testcase classname="GenericUtility.BaseClass" name="@BeforeSuite configBS" time="0.0">
    <ignored/>
  </testcase> <!-- @BeforeSuite configBS -->
  <testcase classname="GenericUtility.BaseClass" name="@BeforeSuite configBS" time="0.0">
    <ignored/>
  </testcase> <!-- @BeforeSuite configBS -->
  <testcase classname="GenericUtility.BaseClass" name="@BeforeSuite configBS" time="0.0">
    <ignored/>
  </testcase> <!-- @BeforeSuite configBS -->
</testsuite> <!-- Test -->
