<?xml version="1.0" encoding="UTF-8"?>
<!-- Generated by org.testng.reporters.JUnitXMLReporter -->
<testsuite ignored="0" hostname="DESKTOP-G13II8U" failures="0" tests="3" name="Test_1" time="49.711" errors="0" timestamp="2025-07-03T15:26:57 IST">
  <testcase classname="practice.TestNG_Org" name="createOrgTest" time="9.11"/>
  <testcase classname="practice.TestNG_Org" name="createOrgwithIndustry" time="7.42"/>
  <testcase classname="practice.TestNG_Org" name="createOrgwithPhoneNumber" time="7.735"/>
</testsuite> <!-- Test_1 -->
