<?xml version="1.0" encoding="UTF-8"?>
<!-- Generated by org.testng.reporters.JUnitXMLReporter -->
<testsuite ignored="2" hostname="DESKTOP-G13II8U" failures="0" tests="1" name="Test_01" time="27.173" errors="0" timestamp="2025-07-03T22:37:28 IST">
  <testcase classname="practice.TestNG_Contacts" name="createContactTest" time="9.574"/>
  <testcase classname="practice.TestNG_Contacts" name="createContactwithSupportDate" time="0.0">
    <ignored/>
  </testcase> <!-- createContactwithSupportDate -->
  <testcase classname="practice.TestNG_Contacts" name="createContactwithOrg" time="0.0">
    <ignored/>
  </testcase> <!-- createContactwithOrg -->
</testsuite> <!-- Test_01 -->
