<?xml version="1.0" encoding="UTF-8"?>
<!-- Generated by org.testng.reporters.JUnitXMLReporter -->
<testsuite ignored="2" hostname="DESKTOP-G13II8U" failures="0" tests="1" name="Test_02" time="29.134" errors="0" timestamp="2025-07-03T22:37:30 IST">
  <testcase classname="practice.TestNG_Org" name="createOrgTest" time="10.963"/>
  <testcase classname="practice.TestNG_Org" name="createOrgwithPhoneNumber" time="0.0">
    <ignored/>
  </testcase> <!-- createOrgwithPhoneNumber -->
  <testcase classname="practice.TestNG_Org" name="createOrgwithIndustry" time="0.0">
    <ignored/>
  </testcase> <!-- createOrgwithIndustry -->
</testsuite> <!-- Test_02 -->
