<?xml version="1.0" encoding="UTF-8"?>
<!-- Generated by org.testng.reporters.JUnitXMLReporter -->
<testsuite ignored="0" hostname="DESKTOP-G13II8U" failures="0" tests="3" name="Test_2" time="58.021" errors="0" timestamp="2025-07-03T15:27:06 IST">
  <testcase classname="practice.TestNG_Contacts" name="createContactTest" time="7.234"/>
  <testcase classname="practice.TestNG_Contacts" name="createContactwithOrg" time="20.077"/>
  <testcase classname="practice.TestNG_Contacts" name="createContactwithSupportDate" time="5.32"/>
</testsuite> <!-- Test_2 -->
