<?xml version="1.0" encoding="UTF-8"?>
<testng-results ignored="0" total="3" passed="3" failed="0" skipped="0">
  <reporter-output>
  </reporter-output>
  <suite started-at="2025-07-15T12:07:04 IST" name="Default suite" finished-at="2025-07-15T12:07:04 IST" duration-ms="103">
    <groups>
    </groups>
    <test started-at="2025-07-15T12:07:04 IST" name="Default test" finished-at="2025-07-15T12:07:04 IST" duration-ms="103">
      <class name="practice.Task_TS">
        <test-method is-config="true" signature="configBS()[pri:0, instance:practice.Task_TS@78691363]" started-at="2025-07-15T12:07:04 IST" name="configBS" finished-at="2025-07-15T12:07:04 IST" duration-ms="19" status="PASS">
          <reporter-output>
          </reporter-output>
        </test-method> <!-- configBS -->
        <test-method is-config="true" signature="configBT()[pri:0, instance:practice.Task_TS@78691363]" started-at="2025-07-15T12:07:04 IST" name="configBT" finished-at="2025-07-15T12:07:04 IST" duration-ms="0" status="PASS">
          <reporter-output>
          </reporter-output>
        </test-method> <!-- configBT -->
        <test-method is-config="true" signature="configBC()[pri:0, instance:practice.Task_TS@78691363]" started-at="2025-07-15T12:07:04 IST" name="configBC" finished-at="2025-07-15T12:07:04 IST" duration-ms="0" status="PASS">
          <reporter-output>
          </reporter-output>
        </test-method> <!-- configBC -->
        <test-method is-config="true" signature="configBM()[pri:0, instance:practice.Task_TS@78691363]" started-at="2025-07-15T12:07:04 IST" name="configBM" finished-at="2025-07-15T12:07:04 IST" duration-ms="1" status="PASS">
          <reporter-output>
          </reporter-output>
        </test-method> <!-- configBM -->
        <test-method signature="Don()[pri:0, instance:practice.Task_TS@78691363]" started-at="2025-07-15T12:07:04 IST" name="Don" finished-at="2025-07-15T12:07:04 IST" duration-ms="15" status="PASS">
          <reporter-output>
          </reporter-output>
        </test-method> <!-- Don -->
        <test-method is-config="true" signature="configAM()[pri:0, instance:practice.Task_TS@78691363]" started-at="2025-07-15T12:07:04 IST" name="configAM" finished-at="2025-07-15T12:07:04 IST" duration-ms="1" status="PASS">
          <reporter-output>
          </reporter-output>
        </test-method> <!-- configAM -->
        <test-method is-config="true" signature="configBM()[pri:0, instance:practice.Task_TS@78691363]" started-at="2025-07-15T12:07:04 IST" name="configBM" finished-at="2025-07-15T12:07:04 IST" duration-ms="0" status="PASS">
          <reporter-output>
          </reporter-output>
        </test-method> <!-- configBM -->
        <test-method signature="pardes()[pri:0, instance:practice.Task_TS@78691363]" started-at="2025-07-15T12:07:04 IST" name="pardes" finished-at="2025-07-15T12:07:04 IST" duration-ms="2" status="PASS">
          <reporter-output>
          </reporter-output>
        </test-method> <!-- pardes -->
        <test-method is-config="true" signature="configBM()[pri:0, instance:practice.Task_TS@78691363]" started-at="2025-07-15T12:07:04 IST" name="configBM" finished-at="2025-07-15T12:07:04 IST" duration-ms="1" status="PASS">
          <reporter-output>
          </reporter-output>
        </test-method> <!-- configBM -->
        <test-method is-config="true" signature="configAM()[pri:0, instance:practice.Task_TS@78691363]" started-at="2025-07-15T12:07:04 IST" name="configAM" finished-at="2025-07-15T12:07:04 IST" duration-ms="0" status="PASS">
          <reporter-output>
          </reporter-output>
        </test-method> <!-- configAM -->
        <test-method signature="swades()[pri:0, instance:practice.Task_TS@78691363]" started-at="2025-07-15T12:07:04 IST" name="swades" finished-at="2025-07-15T12:07:04 IST" duration-ms="3" status="PASS">
          <reporter-output>
          </reporter-output>
        </test-method> <!-- swades -->
        <test-method is-config="true" signature="configAM()[pri:0, instance:practice.Task_TS@78691363]" started-at="2025-07-15T12:07:04 IST" name="configAM" finished-at="2025-07-15T12:07:04 IST" duration-ms="1" status="PASS">
          <reporter-output>
          </reporter-output>
        </test-method> <!-- configAM -->
        <test-method is-config="true" signature="configAC()[pri:0, instance:practice.Task_TS@78691363]" started-at="2025-07-15T12:07:04 IST" name="configAC" finished-at="2025-07-15T12:07:04 IST" duration-ms="1" status="PASS">
          <reporter-output>
          </reporter-output>
        </test-method> <!-- configAC -->
        <test-method is-config="true" signature="configAT()[pri:0, instance:practice.Task_TS@78691363]" started-at="2025-07-15T12:07:04 IST" name="configAT" finished-at="2025-07-15T12:07:04 IST" duration-ms="1" status="PASS">
          <reporter-output>
          </reporter-output>
        </test-method> <!-- configAT -->
        <test-method is-config="true" signature="configAS()[pri:0, instance:practice.Task_TS@78691363]" started-at="2025-07-15T12:07:04 IST" name="configAS" finished-at="2025-07-15T12:07:04 IST" duration-ms="1" status="PASS">
          <reporter-output>
          </reporter-output>
        </test-method> <!-- configAS -->
      </class> <!-- practice.Task_TS -->
    </test> <!-- Default test -->
  </suite> <!-- Default suite -->
</testng-results>
